[INFO ]2025-02-2416:38:06.542[TestNG-PoolService-1]utilitities.LoggerLoad1)-===== Starting Scenario: Verify logout function =====
   [INFO ]2025-02-2420:23:18.706[TestNG-PoolService-1]utilitities.LoggerLoad1)-Scenario passed: Verify logout function =====
   [INFO ]2025-02-2420:39:17.240[main]utilitities.LoggerLoad1)-Scenario passed: Verify logout function =====
   [INFO ]2025-02-2422:13:42.571[main]utilitities.LoggerLoad1)-Scenario passed: Verify logout function =====
   [INFO ]2025-02-2423:12:27.049[main]utilitities.LoggerLoad1)-Scenario passed: Verify that Admin is able to navigate to Program page =====
   [INFO ]2025-02-2423:12:34.703[main]utilitities.LoggerLoad1)-Scenario passed: Verify Logout displayed in menu bar =====
   [INFO ]2025-02-2423:12:39.258[main]utilitities.LoggerLoad1)-Scenario passed: Verify heading in menu bar =====
   [INFO ]2025-02-2423:12:41.920[main]utilitities.LoggerLoad1)-Scenario passed: Verify other pages name displayed in menu bar =====
   [INFO ]2025-02-2423:12:49.298[main]utilitities.LoggerLoad1)-Scenario passed: Verify heading in manage program =====
   [INFO ]2025-02-2423:12:54.556[main]utilitities.LoggerLoad1)-Scenario passed: Verify view details of programs =====
   [INFO ]2025-02-2423:12:58.297[main]utilitities.LoggerLoad1)-Scenario passed: Verify the Multiple Delete button state =====
   [INFO ]2025-02-2423:13:07.560[main]utilitities.LoggerLoad1)-Scenario passed: Verify the Search button =====
   [INFO ]2025-02-2423:13:12.732[main]utilitities.LoggerLoad1)-Scenario passed: Verify column header name of data table =====
   [INFO ]2025-02-2423:13:15.529[main]utilitities.LoggerLoad1)-Scenario passed: Verify checkbox default state beside Program Name column header =====
   [INFO ]2025-02-2423:13:22.405[main]utilitities.LoggerLoad1)-Scenario passed: Verify checkboxes default state beside each Program names in the data table =====
   [INFO ]2025-02-2423:13:28.405[main]utilitities.LoggerLoad1)-Scenario passed: Verify Sort icon in manage program =====
   [INFO ]2025-02-2423:13:34.294[main]utilitities.LoggerLoad1)-Scenario passed: Verify edit and delete icon in manage program =====
   [INFO ]2025-02-2423:13:39.731[main]utilitities.LoggerLoad1)-Scenario passed: Verify pagination icons below data table in manage program =====
   [INFO ]2025-02-2423:13:43.359[main]utilitities.LoggerLoad1)-Scenario passed: Verify footer message in manage program =====
   [INFO ]2025-02-2423:14:37.120[main]utilitities.LoggerLoad1)-Scenario passed: Verify Admin is able to search results found for program name =====
   [INFO ]2025-02-2423:14:43.055[main]utilitities.LoggerLoad1)-Scenario passed: Verify Admin is able to search results found for program description =====
   [ERROR]2025-02-2423:14:54.838[main]utilitities.LoggerLoad1)-Scenario Failed: Verify Admin is able to search results found for program description
   [INFO ]2025-02-2423:14:59.276[main]utilitities.LoggerLoad1)-Scenario passed: Verify Admin is able to search results not found =====
   [INFO ]2025-02-2423:15:25.889[main]utilitities.LoggerLoad1)-Scenario passed: Verify Admin is able to search with partial program name =====
   [INFO ]2025-02-2423:15:30.837[main]utilitities.LoggerLoad1)-Scenario passed: Verify ascending and descending sorting of Program Name =====
   [INFO ]2025-02-2423:15:33.503[main]utilitities.LoggerLoad1)-Scenario passed: Verify ascending and descending sorting of Program Description =====
   [INFO ]2025-02-2423:15:40.307[main]utilitities.LoggerLoad1)-Scenario passed: Verify ascending and descending sorting of Program Status =====
   [INFO ]2025-02-2423:16:02.993[main]utilitities.LoggerLoad1)-Scenario passed: Verify Edit option =====
   [INFO ]2025-02-2423:16:07.775[main]utilitities.LoggerLoad1)-Scenario passed: Verify title of the pop up window =====
   [INFO ]2025-02-2423:16:14.290[main]utilitities.LoggerLoad1)-Scenario passed: Verify mandatory fields with red asterisk mark =====
   [INFO ]2025-02-2423:16:21.772[main]utilitities.LoggerLoad1)-Scenario passed: Verify Admin is able to click Cancel =====
   [INFO ]2025-02-2423:16:27.293[main]utilitities.LoggerLoad1)-Scenario passed: Verify close the window with "X" =====
   [INFO ]2025-02-2423:16:32.936[main]utilitities.LoggerLoad1)-Scenario passed: Verify edit Program Name =====
   [INFO ]2025-02-2423:16:37.074[main]utilitities.LoggerLoad1)-Scenario passed: Verify edit Description =====
   [INFO ]2025-02-2423:16:44.576[main]utilitities.LoggerLoad1)-Scenario passed: Verify Admin is able to click Save =====
   [INFO ]2025-02-2423:18:38.941[main]utilitities.LoggerLoad1)-Scenario passed: Verify delete feature =====
   [INFO ]2025-02-2423:18:44.134[main]utilitities.LoggerLoad1)-Scenario passed: Verify Admin is able to click 'Yes' =====
   [INFO ]2025-02-2423:18:49.330[main]utilitities.LoggerLoad1)-Scenario passed: Verify Admin is able to deleted program =====
   [INFO ]2025-02-2423:19:15.512[main]utilitities.LoggerLoad1)-Scenario passed: Verify Admin is able to click 'No' =====
   [INFO ]2025-02-2423:19:31.445[main]utilitities.LoggerLoad1)-Scenario passed: Verify Admin is able to close the window with "X" =====
   [INFO ]2025-02-2423:19:46.847[main]utilitities.LoggerLoad1)-Scenario passed: Verify Admin is able to select multiple programs =====
   [INFO ]2025-02-2423:19:52.613[main]utilitities.LoggerLoad1)-Scenario passed: Verify Admin is able to delete Multiple programs =====
   [INFO ]2025-02-2423:19:58.111[main]utilitities.LoggerLoad1)-Scenario passed: Verify Admin is able to click 'Yes' =====
   [INFO ]2025-02-2423:20:03.517[main]utilitities.LoggerLoad1)-Scenario passed: Verify Admin is able to deleted program =====
   [ERROR]2025-02-2423:20:16.371[main]utilitities.LoggerLoad1)-Scenario Failed: Verify Admin is able to deleted program
   [INFO ]2025-02-2423:20:19.799[main]utilitities.LoggerLoad1)-Scenario passed: Verify Admin is able to click 'No' =====
   [ERROR]2025-02-2423:20:32.010[main]utilitities.LoggerLoad1)-Scenario Failed: Verify Admin is able to click 'No'
   [INFO ]2025-02-2423:20:35.630[main]utilitities.LoggerLoad1)-Scenario passed: Verify Admin is able to close the window with "X" =====
   [INFO ]2025-02-2423:22:07.034[main]utilitities.LoggerLoad1)-Scenario passed: Verify add New Program =====
   [INFO ]2025-02-2423:22:13.088[main]utilitities.LoggerLoad1)-Scenario passed: Verify title of the pop up window =====
   [INFO ]2025-02-2423:22:17.689[main]utilitities.LoggerLoad1)-Scenario passed: Verify mandatory fields with red asterisk mark =====
   [ERROR]2025-02-2423:22:18.982[main]utilitities.LoggerLoad1)-Scenario Failed: Verify mandatory fields with red asterisk mark
   [INFO ]2025-02-2423:22:20.935[main]utilitities.LoggerLoad1)-Scenario passed: Verify empty form submission for mandatory fields =====
   [INFO ]2025-02-2423:22:27.668[main]utilitities.LoggerLoad1)-Scenario passed: Verify empty form submission for mandatory fields =====
   [INFO ]2025-02-2423:22:34.763[main]utilitities.LoggerLoad1)-Scenario passed: Verify empty form submission for mandatory fields =====
   [INFO ]2025-02-2423:22:40.126[main]utilitities.LoggerLoad1)-Scenario passed: Verify cancel button =====
   [INFO ]2025-02-2423:22:45.503[main]utilitities.LoggerLoad1)-Scenario passed: Verify text entry in different fields =====
   [INFO ]2025-02-2423:22:48.371[main]utilitities.LoggerLoad1)-Scenario passed: Verify text entry in different fields =====
   [INFO ]2025-02-2423:22:55.933[main]utilitities.LoggerLoad1)-Scenario passed: Verify selecting a status option =====
   [INFO ]2025-02-2423:23:00.973[main]utilitities.LoggerLoad1)-Scenario passed: Verify selecting a status option =====
   [INFO ]2025-02-2423:23:05.247[main]utilitities.LoggerLoad1)-Scenario passed: Verify Admin is able to save the program details =====
   [INFO ]2025-02-2423:23:11.246[main]utilitities.LoggerLoad1)-Scenario passed: Verify close window with "X" =====
   [INFO ]2025-02-2508:40:40.462[TestNG-PoolService-7]utilitities.LoggerLoad1)-Scenario passed: validate delete icon in each data rows =====
   [INFO ]2025-02-2508:40:40.458[TestNG-PoolService-4]utilitities.LoggerLoad1)-Scenario passed: Validate disabled "Delete Icon" under the header in the Batch Page =====
   [INFO ]2025-02-2508:40:40.458[TestNG-PoolService-5]utilitities.LoggerLoad1)-Scenario passed: Validate pagination in the Batch Page =====
   [INFO ]2025-02-2508:40:40.458[TestNG-PoolService-1]utilitities.LoggerLoad1)-Scenario passed: Verify Admin Navigate to Batch page successfully =====
   [INFO ]2025-02-2508:40:41.965[TestNG-PoolService-8]utilitities.LoggerLoad1)-Scenario passed: validate checkbox in each data rows =====
   [INFO ]2025-02-2508:40:42.402[TestNG-PoolService-10]utilitities.LoggerLoad1)-Scenario passed: Validate Datatable headers =====
   [INFO ]2025-02-2508:40:47.460[TestNG-PoolService-2]utilitities.LoggerLoad1)-Scenario passed: Validate "Title" in Batch Page =====
   [INFO ]2025-02-2508:40:49.436[TestNG-PoolService-6]utilitities.LoggerLoad1)-Scenario passed: Validate edit icon in each data rows =====
   [INFO ]2025-02-2508:40:56.005[TestNG-PoolService-2]utilitities.LoggerLoad1)-Scenario passed: Validate Datatable headers =====
   [INFO ]2025-02-2508:40:56.747[TestNG-PoolService-9]utilitities.LoggerLoad1)-Scenario passed: Validate Datatable headers =====
   [INFO ]2025-02-2508:40:57.862[TestNG-PoolService-3]utilitities.LoggerLoad1)-Scenario passed: Validate "heading" in the Batch Page =====
   [INFO ]2025-02-2508:40:57.978[TestNG-PoolService-4]utilitities.LoggerLoad1)-Scenario passed: Validate Datatable headers =====
   [INFO ]2025-02-2508:41:07.553[TestNG-PoolService-6]utilitities.LoggerLoad1)-Scenario passed: Validate Datatable headers =====
   [INFO ]2025-02-2508:41:17.651[TestNG-PoolService-2]utilitities.LoggerLoad1)-Scenario passed: Validate Datatable headers =====
   [INFO ]2025-02-2508:41:19.614[TestNG-PoolService-1]utilitities.LoggerLoad1)-Scenario passed: Validate "sort icon" next to all the datatable header =====
   [INFO ]2025-02-2508:41:20.853[TestNG-PoolService-4]utilitities.LoggerLoad1)-Scenario passed: Validate "Checkbox" in the Datatable header row =====
   [INFO ]2025-02-2509:32:25.675[main]utilitities.LoggerLoad1)-Scenario passed: Verify Admin is able to click Next page link =====
   [ERROR]2025-02-2509:32:29.086[main]utilitities.LoggerLoad1)-Scenario Failed: Verify Admin is able to click Next page link
   [INFO ]2025-02-2509:32:33.691[main]utilitities.LoggerLoad1)-Scenario passed: Verify Admin is able to click Last page link =====
   [ERROR]2025-02-2509:32:35.841[main]utilitities.LoggerLoad1)-Scenario Failed: Verify Admin is able to click Last page link
   [INFO ]2025-02-2509:32:40.196[main]utilitities.LoggerLoad1)-Scenario passed: Verify Admin is able to click Previous page link =====
   [ERROR]2025-02-2509:32:41.558[main]utilitities.LoggerLoad1)-Scenario Failed: Verify Admin is able to click Previous page link
   [INFO ]2025-02-2509:32:45.734[main]utilitities.LoggerLoad1)-Scenario passed: Verify Admin is able to click First page link =====
   [INFO ]2025-02-2509:32:51.227[main]utilitities.LoggerLoad1)-Scenario passed: Verify pagination when there are no records =====
   [ERROR]2025-02-2509:33:02.096[main]utilitities.LoggerLoad1)-Scenario Failed: Verify pagination when there are no records
   [INFO ]2025-02-2509:33:05.583[main]utilitities.LoggerLoad1)-Scenario passed: Verify pagination when there are less than 5 records =====
   [ERROR]2025-02-2509:33:16.562[main]utilitities.LoggerLoad1)-Scenario Failed: Verify pagination when there are less than 5 records
   [INFO ]2025-02-2509:59:14.343[TestNG-PoolService-1]utilitities.LoggerLoad1)-Scenario passed: Verify that Admin is able to navigate to Program page =====
   [INFO ]2025-02-2509:59:49.217[TestNG-PoolService-1]utilitities.LoggerLoad1)-Scenario passed: Verify Admin is able to click Next page link =====
   [ERROR]2025-02-2509:59:51.386[TestNG-PoolService-1]utilitities.LoggerLoad1)-Scenario Failed: Verify Admin is able to click Next page link
   [INFO ]2025-02-2510:07:25.567[TestNG-PoolService-1]utilitities.LoggerLoad1)-Scenario passed: Verify Admin is able to click Last page link =====
   [ERROR]2025-02-2510:07:26.478[TestNG-PoolService-1]utilitities.LoggerLoad1)-Scenario Failed: Verify Admin is able to click Last page link
   [INFO ]2025-02-2510:08:32.881[TestNG-PoolService-1]utilitities.LoggerLoad1)-Scenario passed: Verify Admin is able to click Previous page link =====
   [ERROR]2025-02-2510:08:43.447[TestNG-PoolService-1]utilitities.LoggerLoad1)-Scenario Failed: Verify Admin is able to click Previous page link
   [INFO ]2025-02-2510:11:17.351[TestNG-PoolService-1]utilitities.LoggerLoad1)-Scenario passed: Verify Admin is able to click Previous page link =====
   [ERROR]2025-02-2510:11:27.899[TestNG-PoolService-1]utilitities.LoggerLoad1)-Scenario Failed: Verify Admin is able to click Previous page link
   [INFO ]2025-02-2510:15:14.266[TestNG-PoolService-1]utilitities.LoggerLoad1)-Scenario passed: Verify Admin is able to click Previous page link =====
   [ERROR]2025-02-2510:15:16.220[TestNG-PoolService-1]utilitities.LoggerLoad1)-Scenario Failed: Verify Admin is able to click Previous page link
   [INFO ]2025-02-2510:17:09.038[TestNG-PoolService-1]utilitities.LoggerLoad1)-Scenario passed: Verify Admin is able to click Previous page link =====
   [ERROR]2025-02-2510:17:10.824[TestNG-PoolService-1]utilitities.LoggerLoad1)-Scenario Failed: Verify Admin is able to click Previous page link
   [INFO ]2025-02-2510:38:20.303[TestNG-PoolService-1]utilitities.LoggerLoad1)-Scenario passed: Verify Admin is able to click Next page link =====
   [ERROR]2025-02-2510:38:22.800[TestNG-PoolService-1]utilitities.LoggerLoad1)-Scenario Failed: Verify Admin is able to click Next page link
   